[13:19:19] [WARNING] mysql_connect: no password specified (d:\Dewata-SAMP\gamemodes\main.pwn:103 -> d:\Dewata-SAMP\gamemodes\main.pwn:432 -> module/player/notification/function_notification.inc:959 -> D:\Dewata-SAMP\pawno\include\YSI_Coding\..\YSI_Data\..\YSI_Coding\..\YSI_Internal\y_cgen.inc:114 -> D:\Dewata-SAMP\pawno\include\sscanf2.inc:1043 -> D:\Dewata-SAMP\pawno\include\EVF2.inc:3581 -> D:\Dewata-SAMP\pawno\include\YSI_Coding\..\YSI_Internal\..\YSI_Server\y_scriptinit.inc:236)
[13:20:31] [WARNING] mysql_connect: no password specified (d:\Dewata-SAMP\gamemodes\main.pwn:103 -> d:\Dewata-SAMP\gamemodes\main.pwn:432 -> module/player/notification/function_notification.inc:959 -> D:\Dewata-SAMP\pawno\include\YSI_Coding\..\YSI_Data\..\YSI_Coding\..\YSI_Internal\y_cgen.inc:114 -> D:\Dewata-SAMP\pawno\include\sscanf2.inc:1043 -> D:\Dewata-SAMP\pawno\include\EVF2.inc:3581 -> D:\Dewata-SAMP\pawno\include\YSI_Coding\..\YSI_Internal\..\YSI_Server\y_scriptinit.inc:236)
[13:23:59] [WARNING] mysql_connect: no password specified (d:\Dewata-SAMP\gamemodes\main.pwn:103 -> d:\Dewata-SAMP\gamemodes\main.pwn:432 -> module/player/notification/function_notification.inc:959 -> D:\Dewata-SAMP\pawno\include\YSI_Coding\..\YSI_Data\..\YSI_Coding\..\YSI_Internal\y_cgen.inc:114 -> D:\Dewata-SAMP\pawno\include\sscanf2.inc:1043 -> D:\Dewata-SAMP\pawno\include\EVF2.inc:3581 -> D:\Dewata-SAMP\pawno\include\YSI_Coding\..\YSI_Internal\..\YSI_Server\y_scriptinit.inc:236)
[13:26:10] [WARNING] mysql_connect: no password specified (d:\Dewata-SAMP\gamemodes\main.pwn:103 -> d:\Dewata-SAMP\gamemodes\main.pwn:432 -> module/player/notification/function_notification.inc:959 -> D:\Dewata-SAMP\pawno\include\YSI_Coding\..\YSI_Data\..\YSI_Coding\..\YSI_Internal\y_cgen.inc:114 -> D:\Dewata-SAMP\pawno\include\sscanf2.inc:1043 -> D:\Dewata-SAMP\pawno\include\EVF2.inc:3581 -> D:\Dewata-SAMP\pawno\include\YSI_Coding\..\YSI_Internal\..\YSI_Server\y_scriptinit.inc:236)
[13:30:11] [WARNING] mysql_connect: no password specified (d:\Dewata-SAMP\gamemodes\main.pwn:103 -> d:\Dewata-SAMP\gamemodes\main.pwn:432 -> module/player/notification/function_notification.inc:959 -> D:\Dewata-SAMP\pawno\include\YSI_Coding\..\YSI_Data\..\YSI_Coding\..\YSI_Internal\y_cgen.inc:114 -> D:\Dewata-SAMP\pawno\include\sscanf2.inc:1043 -> D:\Dewata-SAMP\pawno\include\EVF2.inc:3581 -> D:\Dewata-SAMP\pawno\include\YSI_Coding\..\YSI_Internal\..\YSI_Server\y_scriptinit.inc:236)
[13:43:16] [WARNING] mysql_connect: no password specified (d:\Dewata-SAMP\gamemodes\main.pwn:106 -> d:\Dewata-SAMP\gamemodes\main.pwn:435 -> module/player/notification/function_notification.inc:959 -> D:\Dewata-SAMP\pawno\include\YSI_Coding\..\YSI_Data\..\YSI_Coding\..\YSI_Internal\y_cgen.inc:114 -> D:\Dewata-SAMP\pawno\include\sscanf2.inc:1043 -> D:\Dewata-SAMP\pawno\include\EVF2.inc:3581 -> D:\Dewata-SAMP\pawno\include\YSI_Coding\..\YSI_Internal\..\YSI_Server\y_scriptinit.inc:236)
[13:44:01] [WARNING] mysql_connect: no password specified (d:\Dewata-SAMP\gamemodes\main.pwn:106 -> d:\Dewata-SAMP\gamemodes\main.pwn:435 -> module/player/notification/function_notification.inc:959 -> D:\Dewata-SAMP\pawno\include\YSI_Coding\..\YSI_Data\..\YSI_Coding\..\YSI_Internal\y_cgen.inc:114 -> D:\Dewata-SAMP\pawno\include\sscanf2.inc:1043 -> D:\Dewata-SAMP\pawno\include\EVF2.inc:3581 -> D:\Dewata-SAMP\pawno\include\YSI_Coding\..\YSI_Internal\..\YSI_Server\y_scriptinit.inc:236)
[13:44:52] [WARNING] mysql_connect: no password specified (d:\Dewata-SAMP\gamemodes\main.pwn:106 -> d:\Dewata-SAMP\gamemodes\main.pwn:435 -> module/player/notification/function_notification.inc:959 -> D:\Dewata-SAMP\pawno\include\YSI_Coding\..\YSI_Data\..\YSI_Coding\..\YSI_Internal\y_cgen.inc:114 -> D:\Dewata-SAMP\pawno\include\sscanf2.inc:1043 -> D:\Dewata-SAMP\pawno\include\EVF2.inc:3581 -> D:\Dewata-SAMP\pawno\include\YSI_Coding\..\YSI_Internal\..\YSI_Server\y_scriptinit.inc:236)
[13:48:29] [WARNING] mysql_connect: no password specified (d:\Dewata-SAMP\gamemodes\main.pwn:106 -> d:\Dewata-SAMP\gamemodes\main.pwn:435 -> module/player/notification/function_notification.inc:959 -> D:\Dewata-SAMP\pawno\include\YSI_Coding\..\YSI_Data\..\YSI_Coding\..\YSI_Internal\y_cgen.inc:114 -> D:\Dewata-SAMP\pawno\include\sscanf2.inc:1043 -> D:\Dewata-SAMP\pawno\include\EVF2.inc:3581 -> D:\Dewata-SAMP\pawno\include\YSI_Coding\..\YSI_Internal\..\YSI_Server\y_scriptinit.inc:236)
[14:54:38] [WARNING] mysql_connect: no password specified (e:\DW-RP\dewata-roleplay\gamemodes\main.pwn:116 -> e:\DW-RP\dewata-roleplay\gamemodes\main.pwn:449 -> module/player/notification/function_notification.inc:959 -> E:\DW-RP\dewata-roleplay\pawno\include\YSI_Coding\..\YSI_Data\..\YSI_Coding\..\YSI_Internal\y_cgen.inc:114 -> E:\DW-RP\dewata-roleplay\pawno\include\sscanf2.inc:1043 -> E:\DW-RP\dewata-roleplay\pawno\include\EVF2.inc:3581 -> E:\DW-RP\dewata-roleplay\pawno\include\YSI_Coding\..\YSI_Internal\..\YSI_Server\y_scriptinit.inc:236)
[14:55:11] [WARNING] mysql_connect: no password specified (e:\DW-RP\dewata-roleplay\gamemodes\main.pwn:116 -> e:\DW-RP\dewata-roleplay\gamemodes\main.pwn:449 -> module/player/notification/function_notification.inc:959 -> E:\DW-RP\dewata-roleplay\pawno\include\YSI_Coding\..\YSI_Data\..\YSI_Coding\..\YSI_Internal\y_cgen.inc:114 -> E:\DW-RP\dewata-roleplay\pawno\include\sscanf2.inc:1043 -> E:\DW-RP\dewata-roleplay\pawno\include\EVF2.inc:3581 -> E:\DW-RP\dewata-roleplay\pawno\include\YSI_Coding\..\YSI_Internal\..\YSI_Server\y_scriptinit.inc:236)
[15:03:53] [WARNING] mysql_connect: no password specified (e:\DW-RP\dewata-roleplay\gamemodes\main.pwn:116 -> e:\DW-RP\dewata-roleplay\gamemodes\main.pwn:449 -> module/player/notification/function_notification.inc:959 -> E:\DW-RP\dewata-roleplay\pawno\include\YSI_Coding\..\YSI_Data\..\YSI_Coding\..\YSI_Internal\y_cgen.inc:114 -> E:\DW-RP\dewata-roleplay\pawno\include\sscanf2.inc:1043 -> E:\DW-RP\dewata-roleplay\pawno\include\EVF2.inc:3581 -> E:\DW-RP\dewata-roleplay\pawno\include\YSI_Coding\..\YSI_Internal\..\YSI_Server\y_scriptinit.inc:236)
[15:15:02] [WARNING] mysql_connect: no password specified (e:\DW-RP\dewata-roleplay\gamemodes\main.pwn:116 -> e:\DW-RP\dewata-roleplay\gamemodes\main.pwn:449 -> module/player/notification/function_notification.inc:959 -> E:\DW-RP\dewata-roleplay\pawno\include\YSI_Coding\..\YSI_Data\..\YSI_Coding\..\YSI_Internal\y_cgen.inc:114 -> E:\DW-RP\dewata-roleplay\pawno\include\sscanf2.inc:1043 -> E:\DW-RP\dewata-roleplay\pawno\include\EVF2.inc:3581 -> E:\DW-RP\dewata-roleplay\pawno\include\YSI_Coding\..\YSI_Internal\..\YSI_Server\y_scriptinit.inc:236)
[15:21:39] [WARNING] mysql_connect: no password specified (e:\DW-RP\dewata-roleplay\gamemodes\main.pwn:116 -> e:\DW-RP\dewata-roleplay\gamemodes\main.pwn:449 -> module/player/notification/function_notification.inc:959 -> E:\DW-RP\dewata-roleplay\pawno\include\YSI_Coding\..\YSI_Data\..\YSI_Coding\..\YSI_Internal\y_cgen.inc:114 -> E:\DW-RP\dewata-roleplay\pawno\include\sscanf2.inc:1043 -> E:\DW-RP\dewata-roleplay\pawno\include\EVF2.inc:3581 -> E:\DW-RP\dewata-roleplay\pawno\include\YSI_Coding\..\YSI_Internal\..\YSI_Server\y_scriptinit.inc:236)
[15:24:15] [WARNING] mysql_connect: no password specified (e:\DW-RP\dewata-roleplay\gamemodes\main.pwn:116 -> e:\DW-RP\dewata-roleplay\gamemodes\main.pwn:449 -> module/player/notification/function_notification.inc:959 -> E:\DW-RP\dewata-roleplay\pawno\include\YSI_Coding\..\YSI_Data\..\YSI_Coding\..\YSI_Internal\y_cgen.inc:114 -> E:\DW-RP\dewata-roleplay\pawno\include\sscanf2.inc:1043 -> E:\DW-RP\dewata-roleplay\pawno\include\EVF2.inc:3581 -> E:\DW-RP\dewata-roleplay\pawno\include\YSI_Coding\..\YSI_Internal\..\YSI_Server\y_scriptinit.inc:236)
[15:27:36] [WARNING] mysql_connect: no password specified (e:\DW-RP\dewata-roleplay\gamemodes\main.pwn:116 -> e:\DW-RP\dewata-roleplay\gamemodes\main.pwn:449 -> module/player/notification/function_notification.inc:959 -> E:\DW-RP\dewata-roleplay\pawno\include\YSI_Coding\..\YSI_Data\..\YSI_Coding\..\YSI_Internal\y_cgen.inc:114 -> E:\DW-RP\dewata-roleplay\pawno\include\sscanf2.inc:1043 -> E:\DW-RP\dewata-roleplay\pawno\include\EVF2.inc:3581 -> E:\DW-RP\dewata-roleplay\pawno\include\YSI_Coding\..\YSI_Internal\..\YSI_Server\y_scriptinit.inc:236)
[23:48:59] [WARNING] mysql_connect: no password specified (e:\DW-RP\dewata-roleplay\gamemodes\main.pwn:116 -> e:\DW-RP\dewata-roleplay\gamemodes\main.pwn:449 -> module/player/notification/function_notification.inc:959 -> E:\DW-RP\dewata-roleplay\pawno\include\YSI_Coding\..\YSI_Data\..\YSI_Coding\..\YSI_Internal\y_cgen.inc:114 -> E:\DW-RP\dewata-roleplay\pawno\include\sscanf2.inc:1043 -> E:\DW-RP\dewata-roleplay\pawno\include\EVF2.inc:3581 -> E:\DW-RP\dewata-roleplay\pawno\include\YSI_Coding\..\YSI_Internal\..\YSI_Server\y_scriptinit.inc:236)
[00:18:10] [WARNING] mysql_connect: no password specified (e:\DW-RP\dewata-roleplay\gamemodes\main.pwn:116 -> e:\DW-RP\dewata-roleplay\gamemodes\main.pwn:449 -> module/player/notification/function_notification.inc:959 -> E:\DW-RP\dewata-roleplay\pawno\include\YSI_Coding\..\YSI_Data\..\YSI_Coding\..\YSI_Internal\y_cgen.inc:114 -> E:\DW-RP\dewata-roleplay\pawno\include\sscanf2.inc:1043 -> E:\DW-RP\dewata-roleplay\pawno\include\EVF2.inc:3581 -> E:\DW-RP\dewata-roleplay\pawno\include\YSI_Coding\..\YSI_Internal\..\YSI_Server\y_scriptinit.inc:236)
[00:32:21] [WARNING] mysql_connect: no password specified (e:\DW-RP\dewata-roleplay\gamemodes\main.pwn:116 -> e:\DW-RP\dewata-roleplay\gamemodes\main.pwn:449 -> module/player/notification/function_notification.inc:959 -> E:\DW-RP\dewata-roleplay\pawno\include\YSI_Coding\..\YSI_Data\..\YSI_Coding\..\YSI_Internal\y_cgen.inc:114 -> E:\DW-RP\dewata-roleplay\pawno\include\sscanf2.inc:1043 -> E:\DW-RP\dewata-roleplay\pawno\include\EVF2.inc:3581 -> E:\DW-RP\dewata-roleplay\pawno\include\YSI_Coding\..\YSI_Internal\..\YSI_Server\y_scriptinit.inc:236)
[00:53:22] [WARNING] mysql_connect: no password specified (e:\DW-RP\dewata-roleplay\gamemodes\main.pwn:117 -> e:\DW-RP\dewata-roleplay\gamemodes\main.pwn:450 -> module/player/notification/function_notification.inc:959 -> E:\DW-RP\dewata-roleplay\pawno\include\YSI_Coding\..\YSI_Data\..\YSI_Coding\..\YSI_Internal\y_cgen.inc:114 -> E:\DW-RP\dewata-roleplay\pawno\include\sscanf2.inc:1043 -> E:\DW-RP\dewata-roleplay\pawno\include\EVF2.inc:3581 -> E:\DW-RP\dewata-roleplay\pawno\include\YSI_Coding\..\YSI_Internal\..\YSI_Server\y_scriptinit.inc:236)
[00:47:24] [WARNING] mysql_connect: no password specified (e:\DW-RP\dewata-roleplay\gamemodes\main.pwn:144 -> e:\DW-RP\dewata-roleplay\gamemodes\main.pwn:514 -> module/player/notification/function_notification.inc:959 -> E:\DW-RP\dewata-roleplay\pawno\include\YSI_Coding\..\YSI_Data\..\YSI_Coding\..\YSI_Internal\y_cgen.inc:114 -> E:\DW-RP\dewata-roleplay\pawno\include\sscanf2.inc:1043 -> E:\DW-RP\dewata-roleplay\pawno\include\EVF2.inc:3581 -> E:\DW-RP\dewata-roleplay\pawno\include\YSI_Coding\..\YSI_Internal\..\YSI_Server\y_scriptinit.inc:236)
[00:51:21] [WARNING] mysql_connect: no password specified (e:\DW-RP\dewata-roleplay\gamemodes\main.pwn:144 -> e:\DW-RP\dewata-roleplay\gamemodes\main.pwn:514 -> module/player/notification/function_notification.inc:959 -> E:\DW-RP\dewata-roleplay\pawno\include\YSI_Coding\..\YSI_Data\..\YSI_Coding\..\YSI_Internal\y_cgen.inc:114 -> E:\DW-RP\dewata-roleplay\pawno\include\sscanf2.inc:1043 -> E:\DW-RP\dewata-roleplay\pawno\include\EVF2.inc:3581 -> E:\DW-RP\dewata-roleplay\pawno\include\YSI_Coding\..\YSI_Internal\..\YSI_Server\y_scriptinit.inc:236)
[10:51:37] [WARNING] mysql_connect: no password specified (C:\Users\LENOVO\Documents\dewata-roleplay\gamemodes\main.pwn:147 -> C:\Users\LENOVO\Documents\dewata-roleplay\gamemodes\main.pwn:516 -> module/player/notification/function_notification.inc:959 -> C:\Users\LENOVO\Documents\dewata-roleplay\pawno\include\YSI_Coding\..\YSI_Data\..\YSI_Coding\..\YSI_Internal\y_cgen.inc:114 -> C:\Users\LENOVO\Documents\dewata-roleplay\pawno\include\sscanf2.inc:1043 -> C:\Users\LENOVO\Documents\dewata-roleplay\pawno\include\EVF2.inc:3581 -> C:\Users\LENOVO\Documents\dewata-roleplay\pawno\include\YSI_Coding\..\YSI_Internal\..\YSI_Server\y_scriptinit.inc:236)
[11:14:54] [WARNING] mysql_connect: no password specified (C:\Users\LENOVO\Documents\dewata-roleplay\gamemodes\main.pwn:147 -> C:\Users\LENOVO\Documents\dewata-roleplay\gamemodes\main.pwn:516 -> module/player/notification/function_notification.inc:959 -> C:\Users\LENOVO\Documents\dewata-roleplay\pawno\include\YSI_Coding\..\YSI_Data\..\YSI_Coding\..\YSI_Internal\y_cgen.inc:114 -> C:\Users\LENOVO\Documents\dewata-roleplay\pawno\include\sscanf2.inc:1043 -> C:\Users\LENOVO\Documents\dewata-roleplay\pawno\include\EVF2.inc:3581 -> C:\Users\LENOVO\Documents\dewata-roleplay\pawno\include\YSI_Coding\..\YSI_Internal\..\YSI_Server\y_scriptinit.inc:236)
[11:23:19] [ERROR] cache_get_value_name_float: value 'NULL' is not a number (C:\Users\LENOVO\Documents\dewata-roleplay\gamemodes\main.pwn:372)
[11:23:19] [ERROR] cache_get_value_name_int: value 'NULL' is not a number (C:\Users\LENOVO\Documents\dewata-roleplay\gamemodes\main.pwn:373)
[11:23:19] [ERROR] cache_get_value_name_int: value 'NULL' is not a number (C:\Users\LENOVO\Documents\dewata-roleplay\gamemodes\main.pwn:374)
[11:23:19] [ERROR] cache_get_value_name_int: value 'NULL' is not a number (C:\Users\LENOVO\Documents\dewata-roleplay\gamemodes\main.pwn:375)
[11:23:19] [ERROR] cache_get_value_name_int: value 'NULL' is not a number (C:\Users\LENOVO\Documents\dewata-roleplay\gamemodes\main.pwn:386)
[11:23:19] [ERROR] cache_get_value_name_int: value 'NULL' is not a number (C:\Users\LENOVO\Documents\dewata-roleplay\gamemodes\main.pwn:387)
[11:23:19] [ERROR] cache_get_value_name_int: value 'NULL' is not a number (C:\Users\LENOVO\Documents\dewata-roleplay\gamemodes\main.pwn:388)
[11:23:19] [ERROR] cache_get_value_name_int: value 'NULL' is not a number (C:\Users\LENOVO\Documents\dewata-roleplay\gamemodes\main.pwn:389)
[11:23:19] [ERROR] cache_get_value_name_int: value 'NULL' is not a number (C:\Users\LENOVO\Documents\dewata-roleplay\gamemodes\main.pwn:390)
[11:23:19] [ERROR] cache_get_value_name_int: value 'NULL' is not a number (C:\Users\LENOVO\Documents\dewata-roleplay\gamemodes\main.pwn:392)
[11:23:19] [ERROR] cache_get_value_name_int: value 'NULL' is not a number (C:\Users\LENOVO\Documents\dewata-roleplay\gamemodes\main.pwn:393)
[11:23:19] [ERROR] cache_get_value_name_int: value 'NULL' is not a number (C:\Users\LENOVO\Documents\dewata-roleplay\gamemodes\main.pwn:394)
[11:23:19] [ERROR] cache_get_value_name_int: value 'NULL' is not a number (C:\Users\LENOVO\Documents\dewata-roleplay\gamemodes\main.pwn:395)
[11:23:19] [ERROR] cache_get_value_name_int: value 'NULL' is not a number (C:\Users\LENOVO\Documents\dewata-roleplay\gamemodes\main.pwn:396)
[11:23:19] [ERROR] cache_get_value_name_int: value 'NULL' is not a number (C:\Users\LENOVO\Documents\dewata-roleplay\gamemodes\main.pwn:397)
[11:23:19] [ERROR] cache_get_value_name_int: value 'NULL' is not a number (C:\Users\LENOVO\Documents\dewata-roleplay\gamemodes\main.pwn:398)
[11:23:19] [ERROR] cache_get_value_name_int: value 'NULL' is not a number (C:\Users\LENOVO\Documents\dewata-roleplay\gamemodes\main.pwn:399)
[11:23:19] [ERROR] cache_get_value_name_int: value 'NULL' is not a number (C:\Users\LENOVO\Documents\dewata-roleplay\gamemodes\main.pwn:400)
[11:24:16] [WARNING] mysql_connect: no password specified (C:\Users\LENOVO\Documents\dewata-roleplay\gamemodes\main.pwn:147 -> C:\Users\LENOVO\Documents\dewata-roleplay\gamemodes\main.pwn:516 -> module/player/notification/function_notification.inc:959 -> C:\Users\LENOVO\Documents\dewata-roleplay\pawno\include\YSI_Coding\..\YSI_Data\..\YSI_Coding\..\YSI_Internal\y_cgen.inc:114 -> C:\Users\LENOVO\Documents\dewata-roleplay\pawno\include\sscanf2.inc:1043 -> C:\Users\LENOVO\Documents\dewata-roleplay\pawno\include\EVF2.inc:3581 -> C:\Users\LENOVO\Documents\dewata-roleplay\pawno\include\YSI_Coding\..\YSI_Internal\..\YSI_Server\y_scriptinit.inc:236)
[11:24:26] [ERROR] cache_get_value_name_float: value 'NULL' is not a number (C:\Users\LENOVO\Documents\dewata-roleplay\gamemodes\main.pwn:372)
[11:24:26] [ERROR] cache_get_value_name_int: value 'NULL' is not a number (C:\Users\LENOVO\Documents\dewata-roleplay\gamemodes\main.pwn:373)
[11:24:26] [ERROR] cache_get_value_name_int: value 'NULL' is not a number (C:\Users\LENOVO\Documents\dewata-roleplay\gamemodes\main.pwn:374)
[11:24:26] [ERROR] cache_get_value_name_int: value 'NULL' is not a number (C:\Users\LENOVO\Documents\dewata-roleplay\gamemodes\main.pwn:375)
[11:24:26] [ERROR] cache_get_value_name_int: value 'NULL' is not a number (C:\Users\LENOVO\Documents\dewata-roleplay\gamemodes\main.pwn:386)
[11:24:26] [ERROR] cache_get_value_name_int: value 'NULL' is not a number (C:\Users\LENOVO\Documents\dewata-roleplay\gamemodes\main.pwn:387)
[11:24:26] [ERROR] cache_get_value_name_int: value 'NULL' is not a number (C:\Users\LENOVO\Documents\dewata-roleplay\gamemodes\main.pwn:388)
[11:24:26] [ERROR] cache_get_value_name_int: value 'NULL' is not a number (C:\Users\LENOVO\Documents\dewata-roleplay\gamemodes\main.pwn:389)
[11:24:26] [ERROR] cache_get_value_name_int: value 'NULL' is not a number (C:\Users\LENOVO\Documents\dewata-roleplay\gamemodes\main.pwn:390)
[11:24:26] [ERROR] cache_get_value_name_int: value 'NULL' is not a number (C:\Users\LENOVO\Documents\dewata-roleplay\gamemodes\main.pwn:392)
[11:24:26] [ERROR] cache_get_value_name_int: value 'NULL' is not a number (C:\Users\LENOVO\Documents\dewata-roleplay\gamemodes\main.pwn:393)
[11:24:26] [ERROR] cache_get_value_name_int: value 'NULL' is not a number (C:\Users\LENOVO\Documents\dewata-roleplay\gamemodes\main.pwn:394)
[11:24:26] [ERROR] cache_get_value_name_int: value 'NULL' is not a number (C:\Users\LENOVO\Documents\dewata-roleplay\gamemodes\main.pwn:395)
[11:24:26] [ERROR] cache_get_value_name_int: value 'NULL' is not a number (C:\Users\LENOVO\Documents\dewata-roleplay\gamemodes\main.pwn:396)
[11:24:26] [ERROR] cache_get_value_name_int: value 'NULL' is not a number (C:\Users\LENOVO\Documents\dewata-roleplay\gamemodes\main.pwn:397)
[11:24:26] [ERROR] cache_get_value_name_int: value 'NULL' is not a number (C:\Users\LENOVO\Documents\dewata-roleplay\gamemodes\main.pwn:398)
[11:24:26] [ERROR] cache_get_value_name_int: value 'NULL' is not a number (C:\Users\LENOVO\Documents\dewata-roleplay\gamemodes\main.pwn:399)
[11:24:26] [ERROR] cache_get_value_name_int: value 'NULL' is not a number (C:\Users\LENOVO\Documents\dewata-roleplay\gamemodes\main.pwn:400)
[11:25:53] [WARNING] mysql_connect: no password specified (C:\Users\LENOVO\Documents\dewata-roleplay\gamemodes\main.pwn:147 -> C:\Users\LENOVO\Documents\dewata-roleplay\gamemodes\main.pwn:516 -> module/player/notification/function_notification.inc:959 -> C:\Users\LENOVO\Documents\dewata-roleplay\pawno\include\YSI_Coding\..\YSI_Data\..\YSI_Coding\..\YSI_Internal\y_cgen.inc:114 -> C:\Users\LENOVO\Documents\dewata-roleplay\pawno\include\sscanf2.inc:1043 -> C:\Users\LENOVO\Documents\dewata-roleplay\pawno\include\EVF2.inc:3581 -> C:\Users\LENOVO\Documents\dewata-roleplay\pawno\include\YSI_Coding\..\YSI_Internal\..\YSI_Server\y_scriptinit.inc:236)
[11:26:08] [ERROR] cache_get_value_name_float: value 'NULL' is not a number (C:\Users\LENOVO\Documents\dewata-roleplay\gamemodes\main.pwn:372)
[11:26:08] [ERROR] cache_get_value_name_int: value 'NULL' is not a number (C:\Users\LENOVO\Documents\dewata-roleplay\gamemodes\main.pwn:373)
[11:26:08] [ERROR] cache_get_value_name_int: value 'NULL' is not a number (C:\Users\LENOVO\Documents\dewata-roleplay\gamemodes\main.pwn:374)
[11:26:08] [ERROR] cache_get_value_name_int: value 'NULL' is not a number (C:\Users\LENOVO\Documents\dewata-roleplay\gamemodes\main.pwn:375)
[11:26:08] [ERROR] cache_get_value_name_int: value 'NULL' is not a number (C:\Users\LENOVO\Documents\dewata-roleplay\gamemodes\main.pwn:386)
[11:26:08] [ERROR] cache_get_value_name_int: value 'NULL' is not a number (C:\Users\LENOVO\Documents\dewata-roleplay\gamemodes\main.pwn:387)
[11:26:08] [ERROR] cache_get_value_name_int: value 'NULL' is not a number (C:\Users\LENOVO\Documents\dewata-roleplay\gamemodes\main.pwn:388)
[11:26:08] [ERROR] cache_get_value_name_int: value 'NULL' is not a number (C:\Users\LENOVO\Documents\dewata-roleplay\gamemodes\main.pwn:389)
[11:26:08] [ERROR] cache_get_value_name_int: value 'NULL' is not a number (C:\Users\LENOVO\Documents\dewata-roleplay\gamemodes\main.pwn:390)
[11:26:08] [ERROR] cache_get_value_name_int: value 'NULL' is not a number (C:\Users\LENOVO\Documents\dewata-roleplay\gamemodes\main.pwn:392)
[11:26:08] [ERROR] cache_get_value_name_int: value 'NULL' is not a number (C:\Users\LENOVO\Documents\dewata-roleplay\gamemodes\main.pwn:393)
[11:26:08] [ERROR] cache_get_value_name_int: value 'NULL' is not a number (C:\Users\LENOVO\Documents\dewata-roleplay\gamemodes\main.pwn:394)
[11:26:08] [ERROR] cache_get_value_name_int: value 'NULL' is not a number (C:\Users\LENOVO\Documents\dewata-roleplay\gamemodes\main.pwn:395)
[11:26:08] [ERROR] cache_get_value_name_int: value 'NULL' is not a number (C:\Users\LENOVO\Documents\dewata-roleplay\gamemodes\main.pwn:396)
[11:26:08] [ERROR] cache_get_value_name_int: value 'NULL' is not a number (C:\Users\LENOVO\Documents\dewata-roleplay\gamemodes\main.pwn:397)
[11:26:08] [ERROR] cache_get_value_name_int: value 'NULL' is not a number (C:\Users\LENOVO\Documents\dewata-roleplay\gamemodes\main.pwn:398)
[11:26:08] [ERROR] cache_get_value_name_int: value 'NULL' is not a number (C:\Users\LENOVO\Documents\dewata-roleplay\gamemodes\main.pwn:399)
[11:26:08] [ERROR] cache_get_value_name_int: value 'NULL' is not a number (C:\Users\LENOVO\Documents\dewata-roleplay\gamemodes\main.pwn:400)
[13:09:16] [WARNING] mysql_connect: no password specified (C:\Users\LENOVO\Documents\dewata-roleplay\gamemodes\main.pwn:147 -> C:\Users\LENOVO\Documents\dewata-roleplay\gamemodes\main.pwn:516 -> module/player/notification/function_notification.inc:959 -> C:\Users\LENOVO\Documents\dewata-roleplay\pawno\include\YSI_Coding\..\YSI_Data\..\YSI_Coding\..\YSI_Internal\y_cgen.inc:114 -> C:\Users\LENOVO\Documents\dewata-roleplay\pawno\include\sscanf2.inc:1043 -> C:\Users\LENOVO\Documents\dewata-roleplay\pawno\include\EVF2.inc:3581 -> C:\Users\LENOVO\Documents\dewata-roleplay\pawno\include\YSI_Coding\..\YSI_Internal\..\YSI_Server\y_scriptinit.inc:236)
[13:14:49] [WARNING] mysql_connect: no password specified (C:\Users\LENOVO\Documents\dewata-roleplay\gamemodes\main.pwn:147 -> C:\Users\LENOVO\Documents\dewata-roleplay\gamemodes\main.pwn:516 -> module/player/notification/function_notification.inc:959 -> C:\Users\LENOVO\Documents\dewata-roleplay\pawno\include\YSI_Coding\..\YSI_Data\..\YSI_Coding\..\YSI_Internal\y_cgen.inc:114 -> C:\Users\LENOVO\Documents\dewata-roleplay\pawno\include\sscanf2.inc:1043 -> C:\Users\LENOVO\Documents\dewata-roleplay\pawno\include\EVF2.inc:3581 -> C:\Users\LENOVO\Documents\dewata-roleplay\pawno\include\YSI_Coding\..\YSI_Internal\..\YSI_Server\y_scriptinit.inc:236)
[13:22:58] [WARNING] mysql_connect: no password specified (C:\Users\LENOVO\Documents\dewata-roleplay\gamemodes\main.pwn:147 -> C:\Users\LENOVO\Documents\dewata-roleplay\gamemodes\main.pwn:516 -> module/player/notification/function_notification.inc:959 -> C:\Users\LENOVO\Documents\dewata-roleplay\pawno\include\YSI_Coding\..\YSI_Data\..\YSI_Coding\..\YSI_Internal\y_cgen.inc:114 -> C:\Users\LENOVO\Documents\dewata-roleplay\pawno\include\sscanf2.inc:1043 -> C:\Users\LENOVO\Documents\dewata-roleplay\pawno\include\EVF2.inc:3581 -> C:\Users\LENOVO\Documents\dewata-roleplay\pawno\include\YSI_Coding\..\YSI_Internal\..\YSI_Server\y_scriptinit.inc:236)
[13:24:30] [WARNING] mysql_connect: no password specified (C:\Users\LENOVO\Documents\dewata-roleplay\gamemodes\main.pwn:147 -> C:\Users\LENOVO\Documents\dewata-roleplay\gamemodes\main.pwn:516 -> module/player/notification/function_notification.inc:959 -> C:\Users\LENOVO\Documents\dewata-roleplay\pawno\include\YSI_Coding\..\YSI_Data\..\YSI_Coding\..\YSI_Internal\y_cgen.inc:114 -> C:\Users\LENOVO\Documents\dewata-roleplay\pawno\include\sscanf2.inc:1043 -> C:\Users\LENOVO\Documents\dewata-roleplay\pawno\include\EVF2.inc:3581 -> C:\Users\LENOVO\Documents\dewata-roleplay\pawno\include\YSI_Coding\..\YSI_Internal\..\YSI_Server\y_scriptinit.inc:236)
[13:27:18] [WARNING] mysql_connect: no password specified (C:\Users\LENOVO\Documents\dewata-roleplay\gamemodes\main.pwn:147 -> C:\Users\LENOVO\Documents\dewata-roleplay\gamemodes\main.pwn:516 -> module/player/notification/function_notification.inc:959 -> C:\Users\LENOVO\Documents\dewata-roleplay\pawno\include\YSI_Coding\..\YSI_Data\..\YSI_Coding\..\YSI_Internal\y_cgen.inc:114 -> C:\Users\LENOVO\Documents\dewata-roleplay\pawno\include\sscanf2.inc:1043 -> C:\Users\LENOVO\Documents\dewata-roleplay\pawno\include\EVF2.inc:3581 -> C:\Users\LENOVO\Documents\dewata-roleplay\pawno\include\YSI_Coding\..\YSI_Internal\..\YSI_Server\y_scriptinit.inc:236)
[13:30:00] [WARNING] mysql_connect: no password specified (C:\Users\LENOVO\Documents\dewata-roleplay\gamemodes\main.pwn:147 -> C:\Users\LENOVO\Documents\dewata-roleplay\gamemodes\main.pwn:516 -> module/player/notification/function_notification.inc:959 -> C:\Users\LENOVO\Documents\dewata-roleplay\pawno\include\YSI_Coding\..\YSI_Data\..\YSI_Coding\..\YSI_Internal\y_cgen.inc:114 -> C:\Users\LENOVO\Documents\dewata-roleplay\pawno\include\sscanf2.inc:1043 -> C:\Users\LENOVO\Documents\dewata-roleplay\pawno\include\EVF2.inc:3581 -> C:\Users\LENOVO\Documents\dewata-roleplay\pawno\include\YSI_Coding\..\YSI_Internal\..\YSI_Server\y_scriptinit.inc:236)
[13:32:26] [ERROR] cache_get_value_name_float: value 'NULL' is not a number (C:\Users\LENOVO\Documents\dewata-roleplay\gamemodes\main.pwn:372)
[13:32:26] [ERROR] cache_get_value_name_int: value 'NULL' is not a number (C:\Users\LENOVO\Documents\dewata-roleplay\gamemodes\main.pwn:373)
[13:32:26] [ERROR] cache_get_value_name_int: value 'NULL' is not a number (C:\Users\LENOVO\Documents\dewata-roleplay\gamemodes\main.pwn:374)
[13:32:26] [ERROR] cache_get_value_name_int: value 'NULL' is not a number (C:\Users\LENOVO\Documents\dewata-roleplay\gamemodes\main.pwn:375)
[13:32:26] [ERROR] cache_get_value_name_int: value 'NULL' is not a number (C:\Users\LENOVO\Documents\dewata-roleplay\gamemodes\main.pwn:386)
[13:32:26] [ERROR] cache_get_value_name_int: value 'NULL' is not a number (C:\Users\LENOVO\Documents\dewata-roleplay\gamemodes\main.pwn:387)
[13:32:26] [ERROR] cache_get_value_name_int: value 'NULL' is not a number (C:\Users\LENOVO\Documents\dewata-roleplay\gamemodes\main.pwn:388)
[13:32:26] [ERROR] cache_get_value_name_int: value 'NULL' is not a number (C:\Users\LENOVO\Documents\dewata-roleplay\gamemodes\main.pwn:389)
[13:32:26] [ERROR] cache_get_value_name_int: value 'NULL' is not a number (C:\Users\LENOVO\Documents\dewata-roleplay\gamemodes\main.pwn:390)
[13:32:26] [ERROR] cache_get_value_name_int: value 'NULL' is not a number (C:\Users\LENOVO\Documents\dewata-roleplay\gamemodes\main.pwn:392)
[13:32:26] [ERROR] cache_get_value_name_int: value 'NULL' is not a number (C:\Users\LENOVO\Documents\dewata-roleplay\gamemodes\main.pwn:393)
[13:32:26] [ERROR] cache_get_value_name_int: value 'NULL' is not a number (C:\Users\LENOVO\Documents\dewata-roleplay\gamemodes\main.pwn:394)
[13:32:26] [ERROR] cache_get_value_name_int: value 'NULL' is not a number (C:\Users\LENOVO\Documents\dewata-roleplay\gamemodes\main.pwn:395)
[13:32:26] [ERROR] cache_get_value_name_int: value 'NULL' is not a number (C:\Users\LENOVO\Documents\dewata-roleplay\gamemodes\main.pwn:396)
[13:32:26] [ERROR] cache_get_value_name_int: value 'NULL' is not a number (C:\Users\LENOVO\Documents\dewata-roleplay\gamemodes\main.pwn:397)
[13:32:26] [ERROR] cache_get_value_name_int: value 'NULL' is not a number (C:\Users\LENOVO\Documents\dewata-roleplay\gamemodes\main.pwn:398)
[13:32:26] [ERROR] cache_get_value_name_int: value 'NULL' is not a number (C:\Users\LENOVO\Documents\dewata-roleplay\gamemodes\main.pwn:399)
[13:32:26] [ERROR] cache_get_value_name_int: value 'NULL' is not a number (C:\Users\LENOVO\Documents\dewata-roleplay\gamemodes\main.pwn:400)
[13:32:46] [WARNING] mysql_connect: no password specified (C:\Users\LENOVO\Documents\dewata-roleplay\gamemodes\main.pwn:147 -> C:\Users\LENOVO\Documents\dewata-roleplay\gamemodes\main.pwn:516 -> module/player/notification/function_notification.inc:959 -> C:\Users\LENOVO\Documents\dewata-roleplay\pawno\include\YSI_Coding\..\YSI_Data\..\YSI_Coding\..\YSI_Internal\y_cgen.inc:114 -> C:\Users\LENOVO\Documents\dewata-roleplay\pawno\include\sscanf2.inc:1043 -> C:\Users\LENOVO\Documents\dewata-roleplay\pawno\include\EVF2.inc:3581 -> C:\Users\LENOVO\Documents\dewata-roleplay\pawno\include\YSI_Coding\..\YSI_Internal\..\YSI_Server\y_scriptinit.inc:236)
[13:33:12] [ERROR] cache_get_value_name_float: value 'NULL' is not a number (C:\Users\LENOVO\Documents\dewata-roleplay\gamemodes\main.pwn:372)
[13:33:12] [ERROR] cache_get_value_name_int: value 'NULL' is not a number (C:\Users\LENOVO\Documents\dewata-roleplay\gamemodes\main.pwn:373)
[13:33:12] [ERROR] cache_get_value_name_int: value 'NULL' is not a number (C:\Users\LENOVO\Documents\dewata-roleplay\gamemodes\main.pwn:374)
[13:33:12] [ERROR] cache_get_value_name_int: value 'NULL' is not a number (C:\Users\LENOVO\Documents\dewata-roleplay\gamemodes\main.pwn:375)
[13:33:12] [ERROR] cache_get_value_name_int: value 'NULL' is not a number (C:\Users\LENOVO\Documents\dewata-roleplay\gamemodes\main.pwn:386)
[13:33:12] [ERROR] cache_get_value_name_int: value 'NULL' is not a number (C:\Users\LENOVO\Documents\dewata-roleplay\gamemodes\main.pwn:387)
[13:33:12] [ERROR] cache_get_value_name_int: value 'NULL' is not a number (C:\Users\LENOVO\Documents\dewata-roleplay\gamemodes\main.pwn:388)
[13:33:12] [ERROR] cache_get_value_name_int: value 'NULL' is not a number (C:\Users\LENOVO\Documents\dewata-roleplay\gamemodes\main.pwn:389)
[13:33:12] [ERROR] cache_get_value_name_int: value 'NULL' is not a number (C:\Users\LENOVO\Documents\dewata-roleplay\gamemodes\main.pwn:390)
[13:33:12] [ERROR] cache_get_value_name_int: value 'NULL' is not a number (C:\Users\LENOVO\Documents\dewata-roleplay\gamemodes\main.pwn:392)
[13:33:12] [ERROR] cache_get_value_name_int: value 'NULL' is not a number (C:\Users\LENOVO\Documents\dewata-roleplay\gamemodes\main.pwn:393)
[13:33:12] [ERROR] cache_get_value_name_int: value 'NULL' is not a number (C:\Users\LENOVO\Documents\dewata-roleplay\gamemodes\main.pwn:394)
[13:33:12] [ERROR] cache_get_value_name_int: value 'NULL' is not a number (C:\Users\LENOVO\Documents\dewata-roleplay\gamemodes\main.pwn:395)
[13:33:12] [ERROR] cache_get_value_name_int: value 'NULL' is not a number (C:\Users\LENOVO\Documents\dewata-roleplay\gamemodes\main.pwn:396)
[13:33:12] [ERROR] cache_get_value_name_int: value 'NULL' is not a number (C:\Users\LENOVO\Documents\dewata-roleplay\gamemodes\main.pwn:397)
[13:33:12] [ERROR] cache_get_value_name_int: value 'NULL' is not a number (C:\Users\LENOVO\Documents\dewata-roleplay\gamemodes\main.pwn:398)
[13:33:12] [ERROR] cache_get_value_name_int: value 'NULL' is not a number (C:\Users\LENOVO\Documents\dewata-roleplay\gamemodes\main.pwn:399)
[13:33:12] [ERROR] cache_get_value_name_int: value 'NULL' is not a number (C:\Users\LENOVO\Documents\dewata-roleplay\gamemodes\main.pwn:400)
[13:34:59] [WARNING] mysql_connect: no password specified (C:\Users\LENOVO\Documents\dewata-roleplay\gamemodes\main.pwn:147 -> C:\Users\LENOVO\Documents\dewata-roleplay\gamemodes\main.pwn:516 -> module/player/notification/function_notification.inc:959 -> C:\Users\LENOVO\Documents\dewata-roleplay\pawno\include\YSI_Coding\..\YSI_Data\..\YSI_Coding\..\YSI_Internal\y_cgen.inc:114 -> C:\Users\LENOVO\Documents\dewata-roleplay\pawno\include\sscanf2.inc:1043 -> C:\Users\LENOVO\Documents\dewata-roleplay\pawno\include\EVF2.inc:3581 -> C:\Users\LENOVO\Documents\dewata-roleplay\pawno\include\YSI_Coding\..\YSI_Internal\..\YSI_Server\y_scriptinit.inc:236)
[13:35:43] [ERROR] cache_get_value_name_float: value 'NULL' is not a number (C:\Users\LENOVO\Documents\dewata-roleplay\gamemodes\main.pwn:372)
[13:35:43] [ERROR] cache_get_value_name_int: value 'NULL' is not a number (C:\Users\LENOVO\Documents\dewata-roleplay\gamemodes\main.pwn:373)
[13:35:43] [ERROR] cache_get_value_name_int: value 'NULL' is not a number (C:\Users\LENOVO\Documents\dewata-roleplay\gamemodes\main.pwn:374)
[13:35:43] [ERROR] cache_get_value_name_int: value 'NULL' is not a number (C:\Users\LENOVO\Documents\dewata-roleplay\gamemodes\main.pwn:375)
[13:35:43] [ERROR] cache_get_value_name_int: value 'NULL' is not a number (C:\Users\LENOVO\Documents\dewata-roleplay\gamemodes\main.pwn:386)
[13:35:43] [ERROR] cache_get_value_name_int: value 'NULL' is not a number (C:\Users\LENOVO\Documents\dewata-roleplay\gamemodes\main.pwn:387)
[13:35:43] [ERROR] cache_get_value_name_int: value 'NULL' is not a number (C:\Users\LENOVO\Documents\dewata-roleplay\gamemodes\main.pwn:388)
[13:35:43] [ERROR] cache_get_value_name_int: value 'NULL' is not a number (C:\Users\LENOVO\Documents\dewata-roleplay\gamemodes\main.pwn:389)
[13:35:43] [ERROR] cache_get_value_name_int: value 'NULL' is not a number (C:\Users\LENOVO\Documents\dewata-roleplay\gamemodes\main.pwn:390)
[13:35:43] [ERROR] cache_get_value_name_int: value 'NULL' is not a number (C:\Users\LENOVO\Documents\dewata-roleplay\gamemodes\main.pwn:392)
[13:35:43] [ERROR] cache_get_value_name_int: value 'NULL' is not a number (C:\Users\LENOVO\Documents\dewata-roleplay\gamemodes\main.pwn:393)
[13:35:43] [ERROR] cache_get_value_name_int: value 'NULL' is not a number (C:\Users\LENOVO\Documents\dewata-roleplay\gamemodes\main.pwn:394)
[13:35:43] [ERROR] cache_get_value_name_int: value 'NULL' is not a number (C:\Users\LENOVO\Documents\dewata-roleplay\gamemodes\main.pwn:395)
[13:35:43] [ERROR] cache_get_value_name_int: value 'NULL' is not a number (C:\Users\LENOVO\Documents\dewata-roleplay\gamemodes\main.pwn:396)
[13:35:43] [ERROR] cache_get_value_name_int: value 'NULL' is not a number (C:\Users\LENOVO\Documents\dewata-roleplay\gamemodes\main.pwn:397)
[13:35:43] [ERROR] cache_get_value_name_int: value 'NULL' is not a number (C:\Users\LENOVO\Documents\dewata-roleplay\gamemodes\main.pwn:398)
[13:35:43] [ERROR] cache_get_value_name_int: value 'NULL' is not a number (C:\Users\LENOVO\Documents\dewata-roleplay\gamemodes\main.pwn:399)
[13:35:43] [ERROR] cache_get_value_name_int: value 'NULL' is not a number (C:\Users\LENOVO\Documents\dewata-roleplay\gamemodes\main.pwn:400)
